<?xml version="1.0" encoding="UTF-8"?>
<testsuite xmlns:xsi="http://www.w3.org/2001/XMLSchema-instance" xsi:noNamespaceSchemaLocation="https://maven.apache.org/surefire/maven-surefire-plugin/xsd/surefire-test-report-3.0.xsd" version="3.0" name="org.solent.com504.oodd.bank.model.dto.test.JsonDtoTests" time="0.685" tests="1" errors="0" skipped="0" failures="0">
  <properties>
[...]
</properties>
  <testcase name="testJsonMessages" classname="org.solent.com504.oodd.bank.model.dto.test.JsonDtoTests" time="0.189"/>
</testsuite>